<?xml version="1.0" encoding="UTF-8"?>
<testng-results total="2" passed="2" failed="0" skipped="0">
  <reporter-output>
  </reporter-output>
  <suite started-at="2022-08-24T10:46:28Z" name="Suite" finished-at="2022-08-24T10:46:28Z" duration-ms="15">
    <groups>
    </groups>
    <test started-at="2022-08-24T10:46:28Z" name="Test" finished-at="2022-08-24T10:46:28Z" duration-ms="15">
      <class name="MavenjavaProject.Mavenjava.RESTAPITest">
        <test-method signature="deleteTwitter()[pri:0, instance:MavenjavaProject.Mavenjava.RESTAPITest@3c153a1]" started-at="2022-08-24T16:16:28Z" name="deleteTwitter" finished-at="2022-08-24T16:16:28Z" duration-ms="8" status="PASS">
          <reporter-output>
          </reporter-output>
        </test-method> <!-- deleteTwitter -->
        <test-method signature="postJira()[pri:0, instance:MavenjavaProject.Mavenjava.RESTAPITest@3c153a1]" started-at="2022-08-24T16:16:28Z" name="postJira" finished-at="2022-08-24T16:16:28Z" duration-ms="0" status="PASS">
          <reporter-output>
          </reporter-output>
        </test-method> <!-- postJira -->
      </class> <!-- MavenjavaProject.Mavenjava.RESTAPITest -->
    </test> <!-- Test -->
  </suite> <!-- Suite -->
</testng-results>
