<?xml version="1.0" encoding="UTF-8"?>
<testng-results ignored="0" total="6" passed="6" failed="0" skipped="0">
  <reporter-output>
  </reporter-output>
  <suite started-at="2022-08-24T17:00:40 IST" name="Default suite" finished-at="2022-08-24T17:00:41 IST" duration-ms="40">
    <groups>
    </groups>
    <test started-at="2022-08-24T17:00:40 IST" name="Default test" finished-at="2022-08-24T17:00:41 IST" duration-ms="40">
      <class name="MavenjavaProject.Mavenjava.SeleniumTest">
        <test-method signature="BrowserAutomation()[pri:0, instance:MavenjavaProject.Mavenjava.SeleniumTest@3b6ddd1d]" started-at="2022-08-24T17:00:41 IST" name="BrowserAutomation" finished-at="2022-08-24T17:00:41 IST" duration-ms="7" status="PASS">
          <reporter-output>
          </reporter-output>
        </test-method> <!-- BrowserAutomation -->
        <test-method signature="elementUi()[pri:0, instance:MavenjavaProject.Mavenjava.SeleniumTest@3b6ddd1d]" started-at="2022-08-24T17:00:41 IST" name="elementUi" finished-at="2022-08-24T17:00:41 IST" duration-ms="1" status="PASS">
          <reporter-output>
          </reporter-output>
        </test-method> <!-- elementUi -->
      </class> <!-- MavenjavaProject.Mavenjava.SeleniumTest -->
      <class name="MavenjavaProject.Mavenjava.RESTAPITest">
        <test-method signature="deleteTwitter()[pri:0, instance:MavenjavaProject.Mavenjava.RESTAPITest@bae7dc0]" started-at="2022-08-24T17:00:41 IST" name="deleteTwitter" finished-at="2022-08-24T17:00:41 IST" duration-ms="0" status="PASS">
          <reporter-output>
          </reporter-output>
        </test-method> <!-- deleteTwitter -->
        <test-method signature="postJira()[pri:0, instance:MavenjavaProject.Mavenjava.RESTAPITest@bae7dc0]" started-at="2022-08-24T17:00:41 IST" name="postJira" finished-at="2022-08-24T17:00:41 IST" duration-ms="0" status="PASS">
          <reporter-output>
          </reporter-output>
        </test-method> <!-- postJira -->
      </class> <!-- MavenjavaProject.Mavenjava.RESTAPITest -->
      <class name="MavenjavaProject.Mavenjava.AppiumTest">
        <test-method signature="IOSApps()[pri:0, instance:MavenjavaProject.Mavenjava.AppiumTest@209da20d]" started-at="2022-08-24T17:00:41 IST" name="IOSApps" finished-at="2022-08-24T17:00:41 IST" duration-ms="0" status="PASS">
          <reporter-output>
          </reporter-output>
        </test-method> <!-- IOSApps -->
        <test-method signature="NativeAPpAndroid()[pri:0, instance:MavenjavaProject.Mavenjava.AppiumTest@209da20d]" started-at="2022-08-24T17:00:41 IST" name="NativeAPpAndroid" finished-at="2022-08-24T17:00:41 IST" duration-ms="0" status="PASS">
          <reporter-output>
          </reporter-output>
        </test-method> <!-- NativeAPpAndroid -->
      </class> <!-- MavenjavaProject.Mavenjava.AppiumTest -->
    </test> <!-- Default test -->
  </suite> <!-- Default suite -->
</testng-results>
