<?xml version="1.0" encoding="UTF-8"?>
<!-- Generated by org.testng.reporters.JUnitXMLReporter -->
<testsuite ignored="0" hostname="AGRNT-WS-003" failures="0" tests="4" name="Test" time="0.039" errors="0" timestamp="2022-08-24T15:31:55 IST">
  <testcase classname="MavenjavaProject.Mavenjava.SeleniumTest" name="BrowserAutomation" time="0.009"/>
  <testcase classname="MavenjavaProject.Mavenjava.SeleniumTest" name="elementUi" time="0.0"/>
  <testcase classname="MavenjavaProject.Mavenjava.RESTAPITest" name="deleteTwitter" time="0.001"/>
  <testcase classname="MavenjavaProject.Mavenjava.RESTAPITest" name="postJira" time="0.001"/>
</testsuite> <!-- Test -->
